#
# There is insufficient memory for the Java Runtime Environment to continue.
# Native memory allocation (malloc) failed to allocate 1048576 bytes for AllocateHeap
# Possible reasons:
#   The system is out of physical RAM or swap space
#   The process is running with CompressedOops enabled, and the Java Heap may be blocking the growth of the native heap
# Possible solutions:
#   Reduce memory load on the system
#   Increase physical memory or swap space
#   Check if swap backing store is full
#   Decrease Java heap size (-Xmx/-Xms)
#   Decrease number of Java threads
#   Decrease Java thread stack sizes (-Xss)
#   Set larger code cache with -XX:ReservedCodeCacheSize=
#   JVM is running with Unscaled Compressed Oops mode in which the Java heap is
#     placed in the first 4GB address space. The Java Heap base address is the
#     maximum limit for the native heap growth. Please use -XX:HeapBaseMinAddress
#     to set the Java Heap base and to place the Java Heap above 4GB virtual address.
# This output file may be truncated or incomplete.
#
#  Out of Memory Error (allocation.cpp:44), pid=28120, tid=23556
#
# JRE version:  (17.0.12+8) (build )
# Java VM: Java HotSpot(TM) 64-Bit Server VM (17.0.12+8-LTS-286, mixed mode, sharing, tiered, compressed oops, compressed class ptrs, g1 gc, windows-amd64)
# No core dump will be written. Minidumps are not enabled by default on client versions of Windows
#

---------------  S U M M A R Y ------------

Command Line: 

Host: 11th Gen Intel(R) Core(TM) i5-11400H @ 2.70GHz, 12 cores, 7G,  Windows 11 , 64 bit Build 26100 (10.0.26100.7019)
Time: Fri Dec  5 21:55:17 2025 SE Asia Standard Time elapsed time: 1.015879 seconds (0d 0h 0m 1s)

---------------  T H R E A D  ---------------

Current thread (0x000001de4867e4a0):  JavaThread "Unknown thread" [_thread_in_vm, id=23556, stack(0x0000008bc5600000,0x0000008bc5700000)]

Stack: [0x0000008bc5600000,0x0000008bc5700000]
Native frames: (J=compiled Java code, j=interpreted, Vv=VM code, C=native code)
V  [jvm.dll+0x67a04a]
V  [jvm.dll+0x7da4ed]
V  [jvm.dll+0x7dbe33]
V  [jvm.dll+0x7dc4a3]
V  [jvm.dll+0x24508f]
V  [jvm.dll+0xa5e2b]
V  [jvm.dll+0x2d4e37]
V  [jvm.dll+0x7ac9ec]
V  [jvm.dll+0x367591]
V  [jvm.dll+0x78b999]
V  [jvm.dll+0x3ec83f]
V  [jvm.dll+0x3ee471]
C  [jli.dll+0x5297]
C  [ucrtbase.dll+0x37b0]
C  [KERNEL32.DLL+0x2e8d7]
C  [ntdll.dll+0x8c53c]


---------------  P R O C E S S  ---------------

Threads class SMR info:
_java_thread_list=0x00007ffed8397a18, length=0, elements={
}

Java Threads: ( => current thread )

Other Threads:

=>0x000001de4867e4a0 (exited) JavaThread "Unknown thread" [_thread_in_vm, id=23556, stack(0x0000008bc5600000,0x0000008bc5700000)]

Threads with active compile tasks:

VM state: not at safepoint (not fully initialized)

VM Mutex/Monitor currently owned by a thread: None

Heap address: 0x0000000000000000, size: 0 MB, Compressed Oops mode: 32-bit

CDS archive(s) mapped at: [0x0000000000000000-0x0000000000000000-0x0000000000000000), size 0, SharedBaseAddress: 0x0000000800000000, ArchiveRelocationMode: 1.
Narrow klass base: 0x0000000000000000, Narrow klass shift: 0, Narrow klass range: 0x0

GC Precious Log:
<Empty>

GC Heap History (0 events):
No events

Deoptimization events (0 events):
No events

Classes unloaded (0 events):
No events

Classes redefined (0 events):
No events

Internal exceptions (0 events):
No events

VM Operations (0 events):
No events

Events (1 events):
Event: 0.009 Loaded shared library C:\Program Files\Java\jdk-17\bin\java.dll


Dynamic libraries:
0x00007ff774be0000 - 0x00007ff774bf0000 	C:\Program Files\Java\jdk-17\bin\java.exe
0x00007fffbfb40000 - 0x00007fffbfda8000 	C:\WINDOWS\SYSTEM32\ntdll.dll
0x00007fffbeae0000 - 0x00007fffbeba9000 	C:\WINDOWS\System32\KERNEL32.DLL
0x00007fffbd430000 - 0x00007fffbd828000 	C:\WINDOWS\System32\KERNELBASE.dll
0x00007fffbd230000 - 0x00007fffbd37b000 	C:\WINDOWS\System32\ucrtbase.dll
0x00007fff73ca0000 - 0x00007fff73cb9000 	C:\Program Files\Java\jdk-17\bin\jli.dll
0x00007fff74970000 - 0x00007fff7498b000 	C:\Program Files\Java\jdk-17\bin\VCRUNTIME140.dll
0x00007fffbebb0000 - 0x00007fffbec64000 	C:\WINDOWS\System32\ADVAPI32.dll
0x00007fffbdef0000 - 0x00007fffbdf99000 	C:\WINDOWS\System32\msvcrt.dll
0x00007fffbedd0000 - 0x00007fffbee76000 	C:\WINDOWS\System32\sechost.dll
0x00007fffbf8d0000 - 0x00007fffbf9e8000 	C:\WINDOWS\System32\RPCRT4.dll
0x00007fffbd8f0000 - 0x00007fffbdab7000 	C:\WINDOWS\System32\USER32.dll
0x00007fffbcd20000 - 0x00007fffbcd47000 	C:\WINDOWS\System32\win32u.dll
0x00007fffa1860000 - 0x00007fffa1af4000 	C:\WINDOWS\WinSxS\amd64_microsoft.windows.common-controls_6595b64144ccf1df_6.0.26100.7019_none_3e06ffa0e335b8a8\COMCTL32.dll
0x00007fffbdd20000 - 0x00007fffbdd4b000 	C:\WINDOWS\System32\GDI32.dll
0x00007fffbd100000 - 0x00007fffbd22c000 	C:\WINDOWS\System32\gdi32full.dll
0x00007fffbd830000 - 0x00007fffbd8d3000 	C:\WINDOWS\System32\msvcp_win.dll
0x00007fffb2a10000 - 0x00007fffb2a1b000 	C:\WINDOWS\SYSTEM32\VERSION.dll
0x00007fffbfa00000 - 0x00007fffbfa31000 	C:\WINDOWS\System32\IMM32.DLL
0x00007fff7b8c0000 - 0x00007fff7b8cc000 	C:\Program Files\Java\jdk-17\bin\vcruntime140_1.dll
0x00007fff450f0000 - 0x00007fff4517e000 	C:\Program Files\Java\jdk-17\bin\msvcp140.dll
0x00007ffed78e0000 - 0x00007ffed84c0000 	C:\Program Files\Java\jdk-17\bin\server\jvm.dll
0x00007fffbf9f0000 - 0x00007fffbf9f8000 	C:\WINDOWS\System32\PSAPI.DLL
0x00007fff3a680000 - 0x00007fff3a68a000 	C:\WINDOWS\SYSTEM32\WSOCK32.dll
0x00007fffbe430000 - 0x00007fffbe4a4000 	C:\WINDOWS\System32\WS2_32.dll
0x00007fffae850000 - 0x00007fffae885000 	C:\WINDOWS\SYSTEM32\WINMM.dll
0x00007fffbba30000 - 0x00007fffbba4b000 	C:\WINDOWS\SYSTEM32\kernel.appcore.dll
0x00007fff78380000 - 0x00007fff7838a000 	C:\Program Files\Java\jdk-17\bin\jimage.dll
0x00007fffb9eb0000 - 0x00007fffba0f2000 	C:\WINDOWS\SYSTEM32\DBGHELP.DLL
0x00007fffbe0a0000 - 0x00007fffbe42b000 	C:\WINDOWS\System32\combase.dll
0x00007fffbdc40000 - 0x00007fffbdd17000 	C:\WINDOWS\System32\OLEAUT32.dll
0x00007fff922d0000 - 0x00007fff9230c000 	C:\WINDOWS\SYSTEM32\dbgcore.DLL
0x00007fffbd380000 - 0x00007fffbd425000 	C:\WINDOWS\System32\bcryptPrimitives.dll
0x00007fff70760000 - 0x00007fff70785000 	C:\Program Files\Java\jdk-17\bin\java.dll

dbghelp: loaded successfully - version: 4.0.5 - missing functions: none
symbol engine: initialized successfully - sym options: 0x614 - pdb path: .;C:\Program Files\Java\jdk-17\bin;C:\WINDOWS\SYSTEM32;C:\WINDOWS\WinSxS\amd64_microsoft.windows.common-controls_6595b64144ccf1df_6.0.26100.7019_none_3e06ffa0e335b8a8;C:\Program Files\Java\jdk-17\bin\server

VM Arguments:
java_command: <unknown>
java_class_path (initial): <not set>
Launcher Type: SUN_STANDARD

[Global flags]
     intx CICompilerCount                          = 4                                         {product} {ergonomic}
     uint ConcGCThreads                            = 3                                         {product} {ergonomic}
     uint G1ConcRefinementThreads                  = 10                                        {product} {ergonomic}
   size_t G1HeapRegionSize                         = 1048576                                   {product} {ergonomic}
    uintx GCDrainStackTargetSize                   = 64                                        {product} {ergonomic}
   size_t InitialHeapSize                          = 130023424                                 {product} {ergonomic}
   size_t MarkStackSize                            = 4194304                                   {product} {ergonomic}
   size_t MaxHeapSize                              = 2053111808                                {product} {ergonomic}
   size_t MinHeapDeltaBytes                        = 1048576                                   {product} {ergonomic}
   size_t MinHeapSize                              = 8388608                                   {product} {ergonomic}
    uintx NonNMethodCodeHeapSize                   = 5839372                                {pd product} {ergonomic}
    uintx NonProfiledCodeHeapSize                  = 122909434                              {pd product} {ergonomic}
    uintx ProfiledCodeHeapSize                     = 122909434                              {pd product} {ergonomic}
    uintx ReservedCodeCacheSize                    = 251658240                              {pd product} {ergonomic}
     bool SegmentedCodeCache                       = true                                      {product} {ergonomic}
   size_t SoftMaxHeapSize                          = 2053111808                             {manageable} {ergonomic}
     bool UseCompressedClassPointers               = true                           {product lp64_product} {ergonomic}
     bool UseCompressedOops                        = true                           {product lp64_product} {ergonomic}
     bool UseG1GC                                  = true                                      {product} {ergonomic}
     bool UseLargePagesIndividualAllocation        = false                                  {pd product} {ergonomic}

Logging:
Log output configuration:
 #0: stdout all=warning uptime,level,tags
 #1: stderr all=off uptime,level,tags

Environment Variables:
PATH=C:\windows\system32;C:\windows;C:\windows\System32\Wbem;C:\windows\System32\WindowsPowerShell\v1.0\;C:\windows\System32\OpenSSH\;C:\Program Files (x86)\NVIDIA Corporation\PhysX\Common;C:\Program Files\NVIDIA Corporation\NVIDIA NvDLISR;C:\WINDOWS\system32;C:\WINDOWS;C:\WINDOWS\System32\Wbem;C:\WINDOWS\System32\WindowsPowerShell\v1.0\;C:\WINDOWS\System32\OpenSSH\;C:\Program Files\Cloudflare\Cloudflare WARP\;C:\Program Files (x86)\Microsoft SQL Server\160\Tools\Binn\;C:\Program Files\Microsoft SQL Server\160\Tools\Binn\;C:\Program Files\Microsoft SQL Server\Client SDK\ODBC\170\Tools\Binn\;C:\Program Files\Microsoft SQL Server\160\DTS\Binn\;C:\Program Files\Java\jdk-17\bin;C:\Program Files\dotnet\;C:\Program Files\HP\HP One Agent;C:\WINDOWS\system32;C:\WINDOWS;C:\WINDOWS\System32\Wbem;C:\WINDOWS\System32\WindowsPowerShell\v1.0\;C:\WINDOWS\System32\OpenSSH\;C:\Program Files\Git\cmd;C:\Program Files\nodejs\;C:\Users\toh90\AppData\Local\Android\Sdk\platform-tools;C:\Users\toh90\flutter\bin;C:\Program Files\MySQL\MySQL Shell 8.0\bin\;C:\Users\toh90\AppData\Local\Programs\Python\Python313\Scripts\;C:\Users\toh90\AppData\Local\Programs\Python\Python313\;C:\Users\toh90\AppData\Local\Programs\Python\Launcher\;C:\Users\toh90\AppData\Local\Microsoft\WindowsApps;C:\Users\toh90\AppData\Local\Programs\Microsoft VS Code\bin;C:\Users\toh90\.dotnet\tools;C:\Program Files\OpenSSL-Win64\bin;C:\Users\toh90\AppData\Local\Muse Hub\lib;C:\Users\toh90\AppData\Roaming\npm;C:\Program Files\nodejs\;C:\xampp\php;C:\Users\toh90\flutter\bin
USERNAME=toh90
OS=Windows_NT
PROCESSOR_IDENTIFIER=Intel64 Family 6 Model 141 Stepping 1, GenuineIntel



---------------  S Y S T E M  ---------------

OS:
 Windows 11 , 64 bit Build 26100 (10.0.26100.7019)
OS uptime: 0 days 1:31 hours
Hyper-V role detected

CPU: total 12 (initial active 12) (6 cores per cpu, 2 threads per core) family 6 model 141 stepping 1 microcode 0x4e, cx8, cmov, fxsr, ht, mmx, 3dnowpref, sse, sse2, sse3, ssse3, sse4.1, sse4.2, popcnt, lzcnt, tsc, tscinvbit, avx, avx2, aes, erms, clmul, bmi1, bmi2, adx, avx512f, avx512dq, avx512cd, avx512bw, avx512vl, sha, fma, vzeroupper, avx512_vpopcntdq, avx512_vpclmulqdq, avx512_vaes, avx512_vnni, clflush, clflushopt, clwb, avx512_vbmi2, avx512_vbmi, hv

Memory: 4k page, system-wide physical 7829M (351M free)
TotalPageFile size 31381M (AvailPageFile size 3M)
current process WorkingSet (physical memory assigned to process): 11M, peak: 11M
current process commit charge ("private bytes"): 13M, peak: 14M

vm_info: Java HotSpot(TM) 64-Bit Server VM (17.0.12+8-LTS-286) for windows-amd64 JRE (17.0.12+8-LTS-286), built on Jun  5 2024 06:46:59 by "mach5one" with MS VC++ 17.6 (VS2022)

END.
